  main.cpp
C:\Users\filip\source\repos\JunII2024\main.cpp(13,1): warning C4326: return type of 'main' should be 'int' instead of 'void'
C:\Users\filip\source\repos\JunII2024\Kombi.h(131,13): warning C4101: 'c': unreferenced local variable
C:\Users\filip\source\repos\JunII2024\Kombi.h(123): message : while compiling class template member function 'T Kombi<T>::Dodaj(const T &)'
          with
          [
              T=Skijas
          ]
C:\Users\filip\source\repos\JunII2024\main.cpp(85): message : see reference to function template instantiation 'T Kombi<T>::Dodaj(const T &)' being compiled
          with
          [
              T=Skijas
          ]
C:\Users\filip\source\repos\JunII2024\main.cpp(82): message : see reference to class template instantiation 'Kombi<Skijas>' being compiled
C:\Users\filip\source\repos\JunII2024\Kombi.h(176,13): warning C4101: 'c': unreferenced local variable
C:\Users\filip\source\repos\JunII2024\Kombi.h(162): message : while compiling class template member function 'void Kombi<Skijas>::Izbaci(int)'
C:\Users\filip\source\repos\JunII2024\main.cpp(101): message : see reference to function template instantiation 'void Kombi<Skijas>::Izbaci(int)' being compiled
C:\Users\filip\source\repos\JunII2024\Kombi.h(135): warning C4715: 'Kombi<Skijas>::Dodaj': not all control paths return a value
C:\Users\filip\source\repos\JunII2024\Kombi.h(135): warning C4715: 'Kombi<double>::Dodaj': not all control paths return a value
  JunII2024.vcxproj -> C:\Users\filip\source\repos\JunII2024\Debug\JunII2024.exe
